<?xml version="1.0" encoding="UTF-8"?>
<!-- Generated by org.testng.reporters.JUnitReportReporter -->
<testsuite hostname="DESKTOP-NGIB87B" failures="0" tests="1" name="com.selenium.SampleBranch" time="0.015" errors="0" timestamp="2025-03-29T09:47:55 IST" skipped="0">
  <testcase classname="com.selenium.SampleBranch" name="demo" time="0.015"/>
</testsuite> <!-- com.selenium.SampleBranch -->
